WARNING: KICAD8_SYMBOL_DIR environment variable is missing, so the default KiCad symbol libraries won't be searched. @ [/Users/johnchristensen/Electric Circuits/<frozen importlib._bootstrap_external>:995=>/Users/johnchristensen/Electric Circuits/<frozen importlib._bootstrap>:488]
WARNING: KICAD6_SYMBOL_DIR environment variable is missing, so the default KiCad symbol libraries won't be searched. @ [/Users/johnchristensen/Electric Circuits/<frozen importlib._bootstrap_external>:995=>/Users/johnchristensen/Electric Circuits/<frozen importlib._bootstrap>:488]
WARNING: KICAD7_SYMBOL_DIR environment variable is missing, so the default KiCad symbol libraries won't be searched. @ [/Users/johnchristensen/Electric Circuits/<frozen importlib._bootstrap_external>:995=>/Users/johnchristensen/Electric Circuits/<frozen importlib._bootstrap>:488]
WARNING: KICAD_SYMBOL_DIR environment variable is missing, so the default KiCad symbol libraries won't be searched. @ [/Users/johnchristensen/Electric Circuits/<frozen importlib._bootstrap_external>:995=>/Users/johnchristensen/Electric Circuits/<frozen importlib._bootstrap>:488]
WARNING: fp-lib-table file was not found. Component footprints are not available.
WARNING: fp-lib-table file was not found. Component footprints are not available.
WARNING: fp-lib-table file was not found. Component footprints are not available.
ERROR: Can't open file: Device.
 @ [/Users/johnchristensen/Electric Circuits/.venv/lib/python3.12/site-packages/IPython/core/interactiveshell.py:3701=>/var/folders/d6/zyjy2kqn6vq53fclp5s8pz1r0000gn/T/ipykernel_1157/3661963875.py:4]
WARNING: Could not load KiCad schematic library "Device", falling back to backup library. @ [/Users/johnchristensen/Electric Circuits/.venv/lib/python3.12/site-packages/IPython/core/interactiveshell.py:3701=>/var/folders/d6/zyjy2kqn6vq53fclp5s8pz1r0000gn/T/ipykernel_1157/3661963875.py:4]
ERROR: Can't open file: Simulation_SPICE.
 @ [/Users/johnchristensen/Electric Circuits/.venv/lib/python3.12/site-packages/IPython/core/interactiveshell.py:3701=>/var/folders/d6/zyjy2kqn6vq53fclp5s8pz1r0000gn/T/ipykernel_1157/3033067162.py:4]
WARNING: Could not load KiCad schematic library "Simulation_SPICE", falling back to backup library. @ [/Users/johnchristensen/Electric Circuits/.venv/lib/python3.12/site-packages/IPython/core/interactiveshell.py:3701=>/var/folders/d6/zyjy2kqn6vq53fclp5s8pz1r0000gn/T/ipykernel_1157/3033067162.py:4]
ERROR: Can't open file: Simulation_SPICE.
 @ [/Users/johnchristensen/Electric Circuits/.venv/lib/python3.12/site-packages/IPython/core/interactiveshell.py:3701=>/var/folders/d6/zyjy2kqn6vq53fclp5s8pz1r0000gn/T/ipykernel_1157/3033067162.py:4]
WARNING: Could not load KiCad schematic library "Simulation_SPICE", falling back to backup library. @ [/Users/johnchristensen/Electric Circuits/.venv/lib/python3.12/site-packages/IPython/core/interactiveshell.py:3701=>/var/folders/d6/zyjy2kqn6vq53fclp5s8pz1r0000gn/T/ipykernel_1157/3033067162.py:4]
ERROR: Can't open file: Simulation_SPICE.
 @ [/Users/johnchristensen/Electric Circuits/.venv/lib/python3.12/site-packages/IPython/core/interactiveshell.py:3701=>/var/folders/d6/zyjy2kqn6vq53fclp5s8pz1r0000gn/T/ipykernel_1157/3033067162.py:4]
WARNING: Could not load KiCad schematic library "Simulation_SPICE", falling back to backup library. @ [/Users/johnchristensen/Electric Circuits/.venv/lib/python3.12/site-packages/IPython/core/interactiveshell.py:3701=>/var/folders/d6/zyjy2kqn6vq53fclp5s8pz1r0000gn/T/ipykernel_1157/3033067162.py:4]
ERROR: Can't open file: Simulation_SPICE.
 @ [/Users/johnchristensen/Electric Circuits/.venv/lib/python3.12/site-packages/IPython/core/interactiveshell.py:3701=>/var/folders/d6/zyjy2kqn6vq53fclp5s8pz1r0000gn/T/ipykernel_1157/3033067162.py:4]
WARNING: Could not load KiCad schematic library "Simulation_SPICE", falling back to backup library. @ [/Users/johnchristensen/Electric Circuits/.venv/lib/python3.12/site-packages/IPython/core/interactiveshell.py:3701=>/var/folders/d6/zyjy2kqn6vq53fclp5s8pz1r0000gn/T/ipykernel_1157/3033067162.py:4]
ERROR: Can't open file: Simulation_SPICE.
 @ [/Users/johnchristensen/Electric Circuits/.venv/lib/python3.12/site-packages/IPython/core/interactiveshell.py:3701=>/var/folders/d6/zyjy2kqn6vq53fclp5s8pz1r0000gn/T/ipykernel_1157/3033067162.py:4]
WARNING: Could not load KiCad schematic library "Simulation_SPICE", falling back to backup library. @ [/Users/johnchristensen/Electric Circuits/.venv/lib/python3.12/site-packages/IPython/core/interactiveshell.py:3701=>/var/folders/d6/zyjy2kqn6vq53fclp5s8pz1r0000gn/T/ipykernel_1157/3033067162.py:4]
ERROR: Can't open file: Simulation_SPICE.
 @ [/Users/johnchristensen/Electric Circuits/.venv/lib/python3.12/site-packages/IPython/core/interactiveshell.py:3701=>/var/folders/d6/zyjy2kqn6vq53fclp5s8pz1r0000gn/T/ipykernel_1157/2320735864.py:4]
ERROR: Can't open file: Simulation_SPICE.
 @ [/Users/johnchristensen/Electric Circuits/.venv/lib/python3.12/site-packages/IPython/core/interactiveshell.py:3701=>/var/folders/d6/zyjy2kqn6vq53fclp5s8pz1r0000gn/T/ipykernel_1157/2320735864.py:4]
WARNING: Could not load KiCad schematic library "Simulation_SPICE", falling back to backup library. @ [/Users/johnchristensen/Electric Circuits/.venv/lib/python3.12/site-packages/IPython/core/interactiveshell.py:3701=>/var/folders/d6/zyjy2kqn6vq53fclp5s8pz1r0000gn/T/ipykernel_1157/2320735864.py:4]
ERROR: Can't open file: Simulation_SPICE.
 @ [/Users/johnchristensen/Electric Circuits/.venv/lib/python3.12/site-packages/IPython/core/interactiveshell.py:3701=>/var/folders/d6/zyjy2kqn6vq53fclp5s8pz1r0000gn/T/ipykernel_1157/2320735864.py:4]
WARNING: Could not load KiCad schematic library "Simulation_SPICE", falling back to backup library. @ [/Users/johnchristensen/Electric Circuits/.venv/lib/python3.12/site-packages/IPython/core/interactiveshell.py:3701=>/var/folders/d6/zyjy2kqn6vq53fclp5s8pz1r0000gn/T/ipykernel_1157/2320735864.py:4]
ERROR: Can't open file: Simulation_SPICE.
 @ [/Users/johnchristensen/Electric Circuits/.venv/lib/python3.12/site-packages/IPython/core/interactiveshell.py:3701=>/var/folders/d6/zyjy2kqn6vq53fclp5s8pz1r0000gn/T/ipykernel_1157/2320735864.py:4]
WARNING: Could not load KiCad schematic library "Simulation_SPICE", falling back to backup library. @ [/Users/johnchristensen/Electric Circuits/.venv/lib/python3.12/site-packages/IPython/core/interactiveshell.py:3701=>/var/folders/d6/zyjy2kqn6vq53fclp5s8pz1r0000gn/T/ipykernel_1157/2320735864.py:4]
ERROR: Can't open file: Simulation_SPICE.
 @ [/Users/johnchristensen/Electric Circuits/.venv/lib/python3.12/site-packages/IPython/core/interactiveshell.py:3701=>/var/folders/d6/zyjy2kqn6vq53fclp5s8pz1r0000gn/T/ipykernel_1157/3033067162.py:4]
WARNING: Could not load KiCad schematic library "Simulation_SPICE", falling back to backup library. @ [/Users/johnchristensen/Electric Circuits/.venv/lib/python3.12/site-packages/IPython/core/interactiveshell.py:3701=>/var/folders/d6/zyjy2kqn6vq53fclp5s8pz1r0000gn/T/ipykernel_1157/3033067162.py:4]
ERROR: Can't open file: Simulation_SPICE.
 @ [/Users/johnchristensen/Electric Circuits/.venv/lib/python3.12/site-packages/IPython/core/interactiveshell.py:3701=>/var/folders/d6/zyjy2kqn6vq53fclp5s8pz1r0000gn/T/ipykernel_1157/3033067162.py:4]
WARNING: Could not load KiCad schematic library "Simulation_SPICE", falling back to backup library. @ [/Users/johnchristensen/Electric Circuits/.venv/lib/python3.12/site-packages/IPython/core/interactiveshell.py:3701=>/var/folders/d6/zyjy2kqn6vq53fclp5s8pz1r0000gn/T/ipykernel_1157/3033067162.py:4]
ERROR: Can't open file: Simulation_SPICE.
 @ [/Users/johnchristensen/Electric Circuits/.venv/lib/python3.12/site-packages/IPython/core/interactiveshell.py:3701=>/var/folders/d6/zyjy2kqn6vq53fclp5s8pz1r0000gn/T/ipykernel_1157/2320735864.py:4]
WARNING: Could not load KiCad schematic library "Simulation_SPICE", falling back to backup library. @ [/Users/johnchristensen/Electric Circuits/.venv/lib/python3.12/site-packages/IPython/core/interactiveshell.py:3701=>/var/folders/d6/zyjy2kqn6vq53fclp5s8pz1r0000gn/T/ipykernel_1157/2320735864.py:4]
ERROR: Can't open file: Simulation_SPICE.
 @ [/Users/johnchristensen/Electric Circuits/.venv/lib/python3.12/site-packages/IPython/core/interactiveshell.py:3701=>/var/folders/d6/zyjy2kqn6vq53fclp5s8pz1r0000gn/T/ipykernel_1157/3033067162.py:4]
WARNING: Could not load KiCad schematic library "Simulation_SPICE", falling back to backup library. @ [/Users/johnchristensen/Electric Circuits/.venv/lib/python3.12/site-packages/IPython/core/interactiveshell.py:3701=>/var/folders/d6/zyjy2kqn6vq53fclp5s8pz1r0000gn/T/ipykernel_1157/3033067162.py:4]
ERROR: Can't open file: Simulation_SPICE.
 @ [/Users/johnchristensen/Electric Circuits/.venv/lib/python3.12/site-packages/IPython/core/interactiveshell.py:3701=>/var/folders/d6/zyjy2kqn6vq53fclp5s8pz1r0000gn/T/ipykernel_1157/2320735864.py:4]
WARNING: Could not load KiCad schematic library "Simulation_SPICE", falling back to backup library. @ [/Users/johnchristensen/Electric Circuits/.venv/lib/python3.12/site-packages/IPython/core/interactiveshell.py:3701=>/var/folders/d6/zyjy2kqn6vq53fclp5s8pz1r0000gn/T/ipykernel_1157/2320735864.py:4]
